E:\Work\IISC_2017\mainwindow\mainwindow\mainwindow.exe
E:\Work\IISC_2017\mainwindow\mainwindow\mainwindow\Debug\cl.command.1.tlog
E:\Work\IISC_2017\mainwindow\mainwindow\mainwindow\Debug\CL.read.1.tlog
E:\Work\IISC_2017\mainwindow\mainwindow\mainwindow\Debug\CL.write.1.tlog
E:\WORK\IISC_2017\MAINWINDOW\MAINWINDOW\MAINWINDOW\DEBUG\COMPUTE.OBJ
E:\Work\IISC_2017\mainwindow\mainwindow\mainwindow\Debug\custombuild.command.1.tlog
E:\Work\IISC_2017\mainwindow\mainwindow\mainwindow\Debug\custombuild.read.1.tlog
E:\Work\IISC_2017\mainwindow\mainwindow\mainwindow\Debug\custombuild.write.1.tlog
E:\WORK\IISC_2017\MAINWINDOW\MAINWINDOW\MAINWINDOW\DEBUG\FACERECOGNIZER.OBJ
E:\WORK\IISC_2017\MAINWINDOW\MAINWINDOW\MAINWINDOW\DEBUG\IMAGEFILTER.OBJ
E:\WORK\IISC_2017\MAINWINDOW\MAINWINDOW\MAINWINDOW\DEBUG\IMAGEFILTER_ALIGNMENT_FACE.OBJ
E:\WORK\IISC_2017\MAINWINDOW\MAINWINDOW\MAINWINDOW\DEBUG\IMAGEFILTER_HASH.OBJ
E:\WORK\IISC_2017\MAINWINDOW\MAINWINDOW\MAINWINDOW\DEBUG\IMAGEFILTER_HASH_FACE.OBJ
E:\Work\IISC_2017\mainwindow\mainwindow\mainwindow\Debug\link.76652.read.1.tlog
E:\Work\IISC_2017\mainwindow\mainwindow\mainwindow\Debug\link.76652.write.1.tlog
E:\Work\IISC_2017\mainwindow\mainwindow\mainwindow\Debug\link.command.1.tlog
E:\Work\IISC_2017\mainwindow\mainwindow\mainwindow\Debug\link.read.1.tlog
E:\Work\IISC_2017\mainwindow\mainwindow\mainwindow\Debug\link.write.1.tlog
E:\WORK\IISC_2017\MAINWINDOW\MAINWINDOW\MAINWINDOW\DEBUG\MAIN.OBJ
E:\WORK\IISC_2017\MAINWINDOW\MAINWINDOW\MAINWINDOW\DEBUG\MAINWINDOW.OBJ
E:\Work\IISC_2017\mainwindow\mainwindow\mainwindow\Debug\mainwindow.write.1.tlog
E:\WORK\IISC_2017\MAINWINDOW\MAINWINDOW\MAINWINDOW\DEBUG\MOC_MAINWINDOW.OBJ
E:\WORK\IISC_2017\MAINWINDOW\MAINWINDOW\MAINWINDOW\DEBUG\QRC_MAINWINDOW.OBJ
E:\WORK\IISC_2017\MAINWINDOW\MAINWINDOW\MAINWINDOW\DEBUG\VC100.PDB
E:\WORK\IISC_2017\MAINWINDOW\MAINWINDOW\MAINWINDOW\GENERATEDFILES\DEBUG\MOC_MAINWINDOW.CPP
E:\WORK\IISC_2017\MAINWINDOW\MAINWINDOW\MAINWINDOW\GENERATEDFILES\QRC_MAINWINDOW.CPP
E:\WORK\IISC_2017\MAINWINDOW\MAINWINDOW\MAINWINDOW\GENERATEDFILES\UI_MAINWINDOW.H
