E:\WORK\IISC_2017\ONLINEDEMO\MAINWINDOW\MAINWINDOW.EXE
E:\WORK\IISC_2017\ONLINEDEMO\MAINWINDOW\MAINWINDOW\GENERATEDFILES\QRC_MAINWINDOW.CPP
E:\WORK\IISC_2017\ONLINEDEMO\MAINWINDOW\MAINWINDOW\GENERATEDFILES\RELEASE\MOC_MAINWINDOW.CPP
E:\WORK\IISC_2017\ONLINEDEMO\MAINWINDOW\MAINWINDOW\GENERATEDFILES\UI_MAINWINDOW.H
E:\Work\IISC_2017\onlinedemo\mainwindow\mainwindow\Release\cl.command.1.tlog
E:\Work\IISC_2017\onlinedemo\mainwindow\mainwindow\Release\CL.read.1.tlog
E:\Work\IISC_2017\onlinedemo\mainwindow\mainwindow\Release\CL.write.1.tlog
E:\WORK\IISC_2017\ONLINEDEMO\MAINWINDOW\MAINWINDOW\RELEASE\COMPUTE.OBJ
E:\Work\IISC_2017\onlinedemo\mainwindow\mainwindow\Release\custombuild.command.1.tlog
E:\Work\IISC_2017\onlinedemo\mainwindow\mainwindow\Release\custombuild.read.1.tlog
E:\Work\IISC_2017\onlinedemo\mainwindow\mainwindow\Release\custombuild.write.1.tlog
E:\WORK\IISC_2017\ONLINEDEMO\MAINWINDOW\MAINWINDOW\RELEASE\FACERECOGNIZER.OBJ
E:\WORK\IISC_2017\ONLINEDEMO\MAINWINDOW\MAINWINDOW\RELEASE\IMAGEFILTER_ALIGNMENT_FACE.OBJ
E:\WORK\IISC_2017\ONLINEDEMO\MAINWINDOW\MAINWINDOW\RELEASE\IMAGEFILTER_HASH.OBJ
E:\WORK\IISC_2017\ONLINEDEMO\MAINWINDOW\MAINWINDOW\RELEASE\IMAGEFILTER_HASH_FACE.OBJ
E:\Work\IISC_2017\onlinedemo\mainwindow\mainwindow\Release\link.10028.read.1.tlog
E:\Work\IISC_2017\onlinedemo\mainwindow\mainwindow\Release\link.10028.write.1.tlog
E:\Work\IISC_2017\onlinedemo\mainwindow\mainwindow\Release\link.10060.read.1.tlog
E:\Work\IISC_2017\onlinedemo\mainwindow\mainwindow\Release\link.10060.write.1.tlog
E:\Work\IISC_2017\onlinedemo\mainwindow\mainwindow\Release\link.10076.read.1.tlog
E:\Work\IISC_2017\onlinedemo\mainwindow\mainwindow\Release\link.10076.write.1.tlog
E:\Work\IISC_2017\onlinedemo\mainwindow\mainwindow\Release\link.10128.read.1.tlog
E:\Work\IISC_2017\onlinedemo\mainwindow\mainwindow\Release\link.10128.write.1.tlog
E:\Work\IISC_2017\onlinedemo\mainwindow\mainwindow\Release\link.10184.read.1.tlog
E:\Work\IISC_2017\onlinedemo\mainwindow\mainwindow\Release\link.10184.write.1.tlog
E:\Work\IISC_2017\onlinedemo\mainwindow\mainwindow\Release\link.10384.read.1.tlog
E:\Work\IISC_2017\onlinedemo\mainwindow\mainwindow\Release\link.10384.write.1.tlog
E:\Work\IISC_2017\onlinedemo\mainwindow\mainwindow\Release\link.10504.read.1.tlog
E:\Work\IISC_2017\onlinedemo\mainwindow\mainwindow\Release\link.10504.write.1.tlog
E:\Work\IISC_2017\onlinedemo\mainwindow\mainwindow\Release\link.10524.read.1.tlog
E:\Work\IISC_2017\onlinedemo\mainwindow\mainwindow\Release\link.10524.write.1.tlog
E:\Work\IISC_2017\onlinedemo\mainwindow\mainwindow\Release\link.10688.read.1.tlog
E:\Work\IISC_2017\onlinedemo\mainwindow\mainwindow\Release\link.10688.write.1.tlog
E:\Work\IISC_2017\onlinedemo\mainwindow\mainwindow\Release\link.10752.read.1.tlog
E:\Work\IISC_2017\onlinedemo\mainwindow\mainwindow\Release\link.10752.write.1.tlog
E:\Work\IISC_2017\onlinedemo\mainwindow\mainwindow\Release\link.10828.read.1.tlog
E:\Work\IISC_2017\onlinedemo\mainwindow\mainwindow\Release\link.10828.write.1.tlog
E:\Work\IISC_2017\onlinedemo\mainwindow\mainwindow\Release\link.1096.read.1.tlog
E:\Work\IISC_2017\onlinedemo\mainwindow\mainwindow\Release\link.1096.write.1.tlog
E:\Work\IISC_2017\onlinedemo\mainwindow\mainwindow\Release\link.11012.read.1.tlog
E:\Work\IISC_2017\onlinedemo\mainwindow\mainwindow\Release\link.11012.write.1.tlog
E:\Work\IISC_2017\onlinedemo\mainwindow\mainwindow\Release\link.11036.read.1.tlog
E:\Work\IISC_2017\onlinedemo\mainwindow\mainwindow\Release\link.11036.write.1.tlog
E:\Work\IISC_2017\onlinedemo\mainwindow\mainwindow\Release\link.11048.read.1.tlog
E:\Work\IISC_2017\onlinedemo\mainwindow\mainwindow\Release\link.11048.write.1.tlog
E:\Work\IISC_2017\onlinedemo\mainwindow\mainwindow\Release\link.11236.read.1.tlog
E:\Work\IISC_2017\onlinedemo\mainwindow\mainwindow\Release\link.11236.write.1.tlog
E:\Work\IISC_2017\onlinedemo\mainwindow\mainwindow\Release\link.11544.read.1.tlog
E:\Work\IISC_2017\onlinedemo\mainwindow\mainwindow\Release\link.11544.write.1.tlog
E:\Work\IISC_2017\onlinedemo\mainwindow\mainwindow\Release\link.11648.read.1.tlog
E:\Work\IISC_2017\onlinedemo\mainwindow\mainwindow\Release\link.11648.write.1.tlog
E:\Work\IISC_2017\onlinedemo\mainwindow\mainwindow\Release\link.11896.read.1.tlog
E:\Work\IISC_2017\onlinedemo\mainwindow\mainwindow\Release\link.11896.write.1.tlog
E:\Work\IISC_2017\onlinedemo\mainwindow\mainwindow\Release\link.12048.read.1.tlog
E:\Work\IISC_2017\onlinedemo\mainwindow\mainwindow\Release\link.12048.write.1.tlog
E:\Work\IISC_2017\onlinedemo\mainwindow\mainwindow\Release\link.12056.read.1.tlog
E:\Work\IISC_2017\onlinedemo\mainwindow\mainwindow\Release\link.12056.write.1.tlog
E:\Work\IISC_2017\onlinedemo\mainwindow\mainwindow\Release\link.12116.read.1.tlog
E:\Work\IISC_2017\onlinedemo\mainwindow\mainwindow\Release\link.12116.write.1.tlog
E:\Work\IISC_2017\onlinedemo\mainwindow\mainwindow\Release\link.12272.read.1.tlog
E:\Work\IISC_2017\onlinedemo\mainwindow\mainwindow\Release\link.12272.write.1.tlog
E:\Work\IISC_2017\onlinedemo\mainwindow\mainwindow\Release\link.12540.read.1.tlog
E:\Work\IISC_2017\onlinedemo\mainwindow\mainwindow\Release\link.12540.write.1.tlog
E:\Work\IISC_2017\onlinedemo\mainwindow\mainwindow\Release\link.12560.read.1.tlog
E:\Work\IISC_2017\onlinedemo\mainwindow\mainwindow\Release\link.12560.write.1.tlog
E:\Work\IISC_2017\onlinedemo\mainwindow\mainwindow\Release\link.12724.read.1.tlog
E:\Work\IISC_2017\onlinedemo\mainwindow\mainwindow\Release\link.12724.write.1.tlog
E:\Work\IISC_2017\onlinedemo\mainwindow\mainwindow\Release\link.12728.read.1.tlog
E:\Work\IISC_2017\onlinedemo\mainwindow\mainwindow\Release\link.12728.write.1.tlog
E:\Work\IISC_2017\onlinedemo\mainwindow\mainwindow\Release\link.12892.read.1.tlog
E:\Work\IISC_2017\onlinedemo\mainwindow\mainwindow\Release\link.12892.write.1.tlog
E:\Work\IISC_2017\onlinedemo\mainwindow\mainwindow\Release\link.13300.read.1.tlog
E:\Work\IISC_2017\onlinedemo\mainwindow\mainwindow\Release\link.13300.write.1.tlog
E:\Work\IISC_2017\onlinedemo\mainwindow\mainwindow\Release\link.13348.read.1.tlog
E:\Work\IISC_2017\onlinedemo\mainwindow\mainwindow\Release\link.13348.write.1.tlog
E:\Work\IISC_2017\onlinedemo\mainwindow\mainwindow\Release\link.13824.read.1.tlog
E:\Work\IISC_2017\onlinedemo\mainwindow\mainwindow\Release\link.13824.write.1.tlog
E:\Work\IISC_2017\onlinedemo\mainwindow\mainwindow\Release\link.13856.read.1.tlog
E:\Work\IISC_2017\onlinedemo\mainwindow\mainwindow\Release\link.13856.write.1.tlog
E:\Work\IISC_2017\onlinedemo\mainwindow\mainwindow\Release\link.14288.read.1.tlog
E:\Work\IISC_2017\onlinedemo\mainwindow\mainwindow\Release\link.14288.write.1.tlog
E:\Work\IISC_2017\onlinedemo\mainwindow\mainwindow\Release\link.14524.read.1.tlog
E:\Work\IISC_2017\onlinedemo\mainwindow\mainwindow\Release\link.14524.write.1.tlog
E:\Work\IISC_2017\onlinedemo\mainwindow\mainwindow\Release\link.14528.read.1.tlog
E:\Work\IISC_2017\onlinedemo\mainwindow\mainwindow\Release\link.14528.write.1.tlog
E:\Work\IISC_2017\onlinedemo\mainwindow\mainwindow\Release\link.14548.read.1.tlog
E:\Work\IISC_2017\onlinedemo\mainwindow\mainwindow\Release\link.14548.write.1.tlog
E:\Work\IISC_2017\onlinedemo\mainwindow\mainwindow\Release\link.15020.read.1.tlog
E:\Work\IISC_2017\onlinedemo\mainwindow\mainwindow\Release\link.15020.write.1.tlog
E:\Work\IISC_2017\onlinedemo\mainwindow\mainwindow\Release\link.15148.read.1.tlog
E:\Work\IISC_2017\onlinedemo\mainwindow\mainwindow\Release\link.15148.write.1.tlog
E:\Work\IISC_2017\onlinedemo\mainwindow\mainwindow\Release\link.16216.read.1.tlog
E:\Work\IISC_2017\onlinedemo\mainwindow\mainwindow\Release\link.16216.write.1.tlog
E:\Work\IISC_2017\onlinedemo\mainwindow\mainwindow\Release\link.17836.read.1.tlog
E:\Work\IISC_2017\onlinedemo\mainwindow\mainwindow\Release\link.17836.write.1.tlog
E:\Work\IISC_2017\onlinedemo\mainwindow\mainwindow\Release\link.22292.read.1.tlog
E:\Work\IISC_2017\onlinedemo\mainwindow\mainwindow\Release\link.22292.write.1.tlog
E:\Work\IISC_2017\onlinedemo\mainwindow\mainwindow\Release\link.23920.read.1.tlog
E:\Work\IISC_2017\onlinedemo\mainwindow\mainwindow\Release\link.23920.write.1.tlog
E:\Work\IISC_2017\onlinedemo\mainwindow\mainwindow\Release\link.24028.read.1.tlog
E:\Work\IISC_2017\onlinedemo\mainwindow\mainwindow\Release\link.24028.write.1.tlog
E:\Work\IISC_2017\onlinedemo\mainwindow\mainwindow\Release\link.25700.read.1.tlog
E:\Work\IISC_2017\onlinedemo\mainwindow\mainwindow\Release\link.25700.write.1.tlog
E:\Work\IISC_2017\onlinedemo\mainwindow\mainwindow\Release\link.26144.read.1.tlog
E:\Work\IISC_2017\onlinedemo\mainwindow\mainwindow\Release\link.26144.write.1.tlog
E:\Work\IISC_2017\onlinedemo\mainwindow\mainwindow\Release\link.26656.read.1.tlog
E:\Work\IISC_2017\onlinedemo\mainwindow\mainwindow\Release\link.26656.write.1.tlog
E:\Work\IISC_2017\onlinedemo\mainwindow\mainwindow\Release\link.26840.read.1.tlog
E:\Work\IISC_2017\onlinedemo\mainwindow\mainwindow\Release\link.26840.write.1.tlog
E:\Work\IISC_2017\onlinedemo\mainwindow\mainwindow\Release\link.28300.read.1.tlog
E:\Work\IISC_2017\onlinedemo\mainwindow\mainwindow\Release\link.28300.write.1.tlog
E:\Work\IISC_2017\onlinedemo\mainwindow\mainwindow\Release\link.29236.read.1.tlog
E:\Work\IISC_2017\onlinedemo\mainwindow\mainwindow\Release\link.29236.write.1.tlog
E:\Work\IISC_2017\onlinedemo\mainwindow\mainwindow\Release\link.29264.read.1.tlog
E:\Work\IISC_2017\onlinedemo\mainwindow\mainwindow\Release\link.29264.write.1.tlog
E:\Work\IISC_2017\onlinedemo\mainwindow\mainwindow\Release\link.30400.read.1.tlog
E:\Work\IISC_2017\onlinedemo\mainwindow\mainwindow\Release\link.30400.write.1.tlog
E:\Work\IISC_2017\onlinedemo\mainwindow\mainwindow\Release\link.30516.read.1.tlog
E:\Work\IISC_2017\onlinedemo\mainwindow\mainwindow\Release\link.30516.write.1.tlog
E:\Work\IISC_2017\onlinedemo\mainwindow\mainwindow\Release\link.30584.read.1.tlog
E:\Work\IISC_2017\onlinedemo\mainwindow\mainwindow\Release\link.30584.write.1.tlog
E:\Work\IISC_2017\onlinedemo\mainwindow\mainwindow\Release\link.30936.read.1.tlog
E:\Work\IISC_2017\onlinedemo\mainwindow\mainwindow\Release\link.30936.write.1.tlog
E:\Work\IISC_2017\onlinedemo\mainwindow\mainwindow\Release\link.31380.read.1.tlog
E:\Work\IISC_2017\onlinedemo\mainwindow\mainwindow\Release\link.31380.write.1.tlog
E:\Work\IISC_2017\onlinedemo\mainwindow\mainwindow\Release\link.31388.read.1.tlog
E:\Work\IISC_2017\onlinedemo\mainwindow\mainwindow\Release\link.31388.write.1.tlog
E:\Work\IISC_2017\onlinedemo\mainwindow\mainwindow\Release\link.31900.read.1.tlog
E:\Work\IISC_2017\onlinedemo\mainwindow\mainwindow\Release\link.31900.write.1.tlog
E:\Work\IISC_2017\onlinedemo\mainwindow\mainwindow\Release\link.32076.read.1.tlog
E:\Work\IISC_2017\onlinedemo\mainwindow\mainwindow\Release\link.32076.write.1.tlog
E:\Work\IISC_2017\onlinedemo\mainwindow\mainwindow\Release\link.32096.read.1.tlog
E:\Work\IISC_2017\onlinedemo\mainwindow\mainwindow\Release\link.32096.write.1.tlog
E:\Work\IISC_2017\onlinedemo\mainwindow\mainwindow\Release\link.32228.read.1.tlog
E:\Work\IISC_2017\onlinedemo\mainwindow\mainwindow\Release\link.32228.write.1.tlog
E:\Work\IISC_2017\onlinedemo\mainwindow\mainwindow\Release\link.32556.read.1.tlog
E:\Work\IISC_2017\onlinedemo\mainwindow\mainwindow\Release\link.32556.write.1.tlog
E:\Work\IISC_2017\onlinedemo\mainwindow\mainwindow\Release\link.32712.read.1.tlog
E:\Work\IISC_2017\onlinedemo\mainwindow\mainwindow\Release\link.32712.write.1.tlog
E:\Work\IISC_2017\onlinedemo\mainwindow\mainwindow\Release\link.4196.read.1.tlog
E:\Work\IISC_2017\onlinedemo\mainwindow\mainwindow\Release\link.4196.write.1.tlog
E:\Work\IISC_2017\onlinedemo\mainwindow\mainwindow\Release\link.4284.read.1.tlog
E:\Work\IISC_2017\onlinedemo\mainwindow\mainwindow\Release\link.4284.write.1.tlog
E:\Work\IISC_2017\onlinedemo\mainwindow\mainwindow\Release\link.4476.read.1.tlog
E:\Work\IISC_2017\onlinedemo\mainwindow\mainwindow\Release\link.4476.write.1.tlog
E:\Work\IISC_2017\onlinedemo\mainwindow\mainwindow\Release\link.4572.read.1.tlog
E:\Work\IISC_2017\onlinedemo\mainwindow\mainwindow\Release\link.4572.write.1.tlog
E:\Work\IISC_2017\onlinedemo\mainwindow\mainwindow\Release\link.5360.read.1.tlog
E:\Work\IISC_2017\onlinedemo\mainwindow\mainwindow\Release\link.5360.write.1.tlog
E:\Work\IISC_2017\onlinedemo\mainwindow\mainwindow\Release\link.5396.read.1.tlog
E:\Work\IISC_2017\onlinedemo\mainwindow\mainwindow\Release\link.5396.write.1.tlog
E:\Work\IISC_2017\onlinedemo\mainwindow\mainwindow\Release\link.5464.read.1.tlog
E:\Work\IISC_2017\onlinedemo\mainwindow\mainwindow\Release\link.5464.write.1.tlog
E:\Work\IISC_2017\onlinedemo\mainwindow\mainwindow\Release\link.5624.read.1.tlog
E:\Work\IISC_2017\onlinedemo\mainwindow\mainwindow\Release\link.5624.write.1.tlog
E:\Work\IISC_2017\onlinedemo\mainwindow\mainwindow\Release\link.6376.read.1.tlog
E:\Work\IISC_2017\onlinedemo\mainwindow\mainwindow\Release\link.6376.write.1.tlog
E:\Work\IISC_2017\onlinedemo\mainwindow\mainwindow\Release\link.7920.read.1.tlog
E:\Work\IISC_2017\onlinedemo\mainwindow\mainwindow\Release\link.7920.write.1.tlog
E:\Work\IISC_2017\onlinedemo\mainwindow\mainwindow\Release\link.8260.read.1.tlog
E:\Work\IISC_2017\onlinedemo\mainwindow\mainwindow\Release\link.8260.write.1.tlog
E:\Work\IISC_2017\onlinedemo\mainwindow\mainwindow\Release\link.8916.read.1.tlog
E:\Work\IISC_2017\onlinedemo\mainwindow\mainwindow\Release\link.8916.write.1.tlog
E:\Work\IISC_2017\onlinedemo\mainwindow\mainwindow\Release\link.9044.read.1.tlog
E:\Work\IISC_2017\onlinedemo\mainwindow\mainwindow\Release\link.9044.write.1.tlog
E:\Work\IISC_2017\onlinedemo\mainwindow\mainwindow\Release\link.9048.read.1.tlog
E:\Work\IISC_2017\onlinedemo\mainwindow\mainwindow\Release\link.9048.write.1.tlog
E:\Work\IISC_2017\onlinedemo\mainwindow\mainwindow\Release\link.9064.read.1.tlog
E:\Work\IISC_2017\onlinedemo\mainwindow\mainwindow\Release\link.9064.write.1.tlog
E:\Work\IISC_2017\onlinedemo\mainwindow\mainwindow\Release\link.9224.read.1.tlog
E:\Work\IISC_2017\onlinedemo\mainwindow\mainwindow\Release\link.9224.write.1.tlog
E:\Work\IISC_2017\onlinedemo\mainwindow\mainwindow\Release\link.9912.read.1.tlog
E:\Work\IISC_2017\onlinedemo\mainwindow\mainwindow\Release\link.9912.write.1.tlog
E:\Work\IISC_2017\onlinedemo\mainwindow\mainwindow\Release\link.command.1.tlog
E:\Work\IISC_2017\onlinedemo\mainwindow\mainwindow\Release\link.read.1.tlog
E:\Work\IISC_2017\onlinedemo\mainwindow\mainwindow\Release\link.write.1.tlog
E:\WORK\IISC_2017\ONLINEDEMO\MAINWINDOW\MAINWINDOW\RELEASE\MAIN.OBJ
E:\WORK\IISC_2017\ONLINEDEMO\MAINWINDOW\MAINWINDOW\RELEASE\MAINWINDOW.OBJ
E:\Work\IISC_2017\onlinedemo\mainwindow\mainwindow\Release\mainwindow.vcxprojResolveAssemblyReference.cache
E:\Work\IISC_2017\onlinedemo\mainwindow\mainwindow\Release\mainwindow.write.1.tlog
E:\WORK\IISC_2017\ONLINEDEMO\MAINWINDOW\MAINWINDOW\RELEASE\MOC_MAINWINDOW.OBJ
E:\WORK\IISC_2017\ONLINEDEMO\MAINWINDOW\MAINWINDOW\RELEASE\QRC_MAINWINDOW.OBJ
